<?xml version="1.0" encoding="UTF-8"?>
<!-- Generated by org.testng.reporters.JUnitReportReporter -->
<testsuite name="DefaultPackage.TestNG_TestQ" tests="1" time="5.193" ignored="0" failures="0" timestamp="15 Jun 2019 17:00:38 GMT" skipped="0" hostname="ISW-GSIG-UO1" errors="0">
  <testcase name="testingQt2" time="5.193" classname="DefaultPackage.TestNG_TestQ"/>
</testsuite> <!-- DefaultPackage.TestNG_TestQ -->
