<?xml version="1.0" encoding="UTF-8"?>
<!-- Generated by org.testng.reporters.JUnitReportReporter -->
<testsuite name="actions.LoginTestSuite" tests="3" time="36.632" ignored="0" failures="0" timestamp="18 Jun 2019 11:04:57 GMT" skipped="0" hostname="ISW-GSIG-UO1" errors="0">
  <testcase name="validEmailAndInvalidPassword" time="12.167" classname="actions.LoginTestSuite"/>
  <testcase name="InvalidUsernameAndValidPassword" time="20.772" classname="actions.LoginTestSuite"/>
  <testcase name="successfulLogin" time="3.693" classname="actions.LoginTestSuite"/>
</testsuite> <!-- actions.LoginTestSuite -->
