<?xml version="1.0" encoding="UTF-8"?>
<!-- Generated by org.testng.reporters.JUnitReportReporter -->
<testsuite name="DefaultPackage.LoginTestSuite" tests="3" time="31.077" ignored="0" failures="0" timestamp="15 Jun 2019 19:16:54 GMT" skipped="0" hostname="ISW-GSIG-UO1" errors="0">
  <testcase name="validEmailAndInvalidPassword" time="12.130" classname="DefaultPackage.LoginTestSuite"/>
  <testcase name="InvalidUsernameAndValidPassword" time="16.085" classname="DefaultPackage.LoginTestSuite"/>
  <testcase name="successfulLogin" time="2.862" classname="DefaultPackage.LoginTestSuite"/>
</testsuite> <!-- DefaultPackage.LoginTestSuite -->
