<?xml version="1.0" encoding="UTF-8"?>
<!-- Generated by org.testng.reporters.JUnitReportReporter -->
<testsuite name="actions.LoginTestSuite" tests="3" time="56.312" ignored="0" failures="0" timestamp="18 Jun 2019 09:00:14 GMT" skipped="0" hostname="ISW-GSIG-UO1" errors="0">
  <testcase name="validEmailAndInvalidPassword" time="12.248" classname="actions.LoginTestSuite"/>
  <testcase name="InvalidUsernameAndValidPassword" time="33.904" classname="actions.LoginTestSuite"/>
  <testcase name="successfulLogin" time="10.160" classname="actions.LoginTestSuite"/>
</testsuite> <!-- actions.LoginTestSuite -->
