<?xml version="1.0" encoding="UTF-8"?>
<!-- Generated by org.testng.reporters.JUnitReportReporter -->
<testsuite name="actions.LoginTestSuite" tests="3" time="59.278" ignored="0" failures="0" timestamp="18 Jun 2019 10:23:27 GMT" skipped="0" hostname="ISW-GSIG-UO1" errors="0">
  <testcase name="validEmailAndInvalidPassword" time="15.074" classname="actions.LoginTestSuite"/>
  <testcase name="InvalidUsernameAndValidPassword" time="37.755" classname="actions.LoginTestSuite"/>
  <testcase name="successfulLogin" time="6.449" classname="actions.LoginTestSuite"/>
</testsuite> <!-- actions.LoginTestSuite -->
