<?xml version="1.0" encoding="UTF-8"?>
<!-- Generated by org.testng.reporters.JUnitReportReporter -->
<testsuite name="actions.LoginTestSuite" tests="3" time="31.303" ignored="0" failures="0" timestamp="18 Jun 2019 14:57:07 GMT" skipped="0" hostname="ISW-GSIG-UO1" errors="0">
  <testcase name="validEmailAndInvalidPassword" time="11.957" classname="actions.LoginTestSuite"/>
  <testcase name="InvalidUsernameAndValidPassword" time="15.713" classname="actions.LoginTestSuite"/>
  <testcase name="successfulLogin" time="3.633" classname="actions.LoginTestSuite"/>
</testsuite> <!-- actions.LoginTestSuite -->
