<?xml version="1.0" encoding="UTF-8"?>
<!-- Generated by org.testng.reporters.JUnitReportReporter -->
<testsuite name="Actions.BuyAirtimeTestSuite" tests="1" time="16.656" ignored="0" failures="0" timestamp="16 Jun 2019 22:08:07 GMT" skipped="0" hostname="ISW-GSIG-UO1" errors="0">
  <testcase name="buyAirtimeFlow" time="16.656" classname="Actions.BuyAirtimeTestSuite"/>
</testsuite> <!-- Actions.BuyAirtimeTestSuite -->
