<?xml version="1.0" encoding="UTF-8"?>
<!-- Generated by org.testng.reporters.JUnitReportReporter -->
<testsuite name="actions.BuyAirtimeTestSuite" tests="1" time="25.963" ignored="0" failures="0" timestamp="18 Jun 2019 14:04:40 GMT" skipped="0" hostname="ISW-GSIG-UO1" errors="0">
  <testcase name="buyAirtimeFlow" time="25.963" classname="actions.BuyAirtimeTestSuite"/>
</testsuite> <!-- actions.BuyAirtimeTestSuite -->
