<?xml version="1.0" encoding="UTF-8"?>
<!-- Generated by org.testng.reporters.JUnitReportReporter -->
<testsuite name="actions.BuyAirtimeTestSuiteOTPRequired" tests="1" time="22.166" ignored="0" failures="0" timestamp="24 Aug 2019 09:41:44 GMT" skipped="0" hostname="ISW-GSIG-UO1" errors="0">
  <testcase name="buyAirtimeFlow" time="22.166" classname="actions.BuyAirtimeTestSuiteOTPRequired"/>
</testsuite> <!-- actions.BuyAirtimeTestSuiteOTPRequired -->
