<?xml version="1.0" encoding="UTF-8"?>
<!-- Generated by org.testng.reporters.JUnitReportReporter -->
<testsuite name="actions.ProfilePageTestSuite" tests="5" time="20.236" ignored="0" failures="0" timestamp="10 Jul 2019 07:31:29 GMT" skipped="0" hostname="ISW-GSIG-UO1" errors="0">
  <testcase name="changePasswordAllFieldsEmpty" time="3.081" classname="actions.ProfilePageTestSuite"/>
  <testcase name="changeFirstLastNameSuccessfully" time="8.259" classname="actions.ProfilePageTestSuite"/>
  <testcase name="changePasswordSuccessfully" time="2.930" classname="actions.ProfilePageTestSuite"/>
  <testcase name="changePasswordNewPasswordAndReTypePasswordFieldsAreEmpty" time="2.973" classname="actions.ProfilePageTestSuite"/>
  <testcase name="changePasswordInvalidOldPassword" time="2.993" classname="actions.ProfilePageTestSuite"/>
</testsuite> <!-- actions.ProfilePageTestSuite -->
