<?xml version="1.0" encoding="UTF-8"?>
<!-- Generated by org.testng.reporters.JUnitReportReporter -->
<testsuite ignored="0" hostname="ISW-ENGR-GO" failures="0" tests="1" name="actions.SignUp" time="78.958" errors="0" timestamp="03 Sep 2019 12:13:41 GMT" skipped="0">
  <testcase classname="actions.SignUp" name="userregisterationDetails" time="78.958"/>
</testsuite> <!-- actions.SignUp -->
