<?xml version="1.0" encoding="UTF-8"?>
<!-- Generated by org.testng.reporters.JUnitReportReporter -->
<testsuite name="actions.SearchFieldTestSuite" tests="3" time="26.493" ignored="0" failures="0" timestamp="02 Aug 2019 16:29:32 GMT" skipped="0" hostname="ISW-GSIG-UO1" errors="0">
  <testcase name="verifyUserReturnstoDashBoardScreenWhenSearchCriteiraIsRemovedFromSearchField" time="0.316" classname="actions.SearchFieldTestSuite"/>
  <testcase name="verifySearchFieldReturnsSavedPaymentItemsFirst" time="24.759" classname="actions.SearchFieldTestSuite"/>
  <testcase name="verifySearchFieldReturnsBillerListAfterSavedPaymentOptionsAreExausted" time="1.418" classname="actions.SearchFieldTestSuite"/>
</testsuite> <!-- actions.SearchFieldTestSuite -->
