<?xml version="1.0" encoding="UTF-8"?>
<!-- Generated by org.testng.reporters.JUnitReportReporter -->
<testsuite ignored="0" hostname="ISW-ENGR-GO" failures="0" tests="1" name="actions.SignUpWithReferral" time="31.572" errors="0" timestamp="04 Sep 2019 08:32:27 GMT" skipped="0">
  <testcase classname="actions.SignUpWithReferral" name="userregisterationDetailswithreferral" time="31.572"/>
</testsuite> <!-- actions.SignUpWithReferral -->
