<?xml version="1.0" encoding="UTF-8"?>
<!-- Generated by org.testng.reporters.JUnitReportReporter -->
<testsuite name="DefaultPackage.TestNG_TestQ" tests="2" time="4.015" ignored="0" failures="0" timestamp="15 Jun 2019 12:20:39 GMT" skipped="0" hostname="ISW-GSIG-UO1" errors="0">
  <testcase name="testingQt" time="2.054" classname="DefaultPackage.TestNG_TestQ"/>
  <testcase name="testingQt2" time="1.961" classname="DefaultPackage.TestNG_TestQ"/>
</testsuite> <!-- DefaultPackage.TestNG_TestQ -->
