<?xml version="1.0" encoding="UTF-8"?>
<!-- Generated by org.testng.reporters.JUnitReportReporter -->
<testsuite name="actions.ProfilePageTestSuite" tests="5" time="45.332" ignored="0" failures="0" timestamp="22 Aug 2019 18:31:42 GMT" skipped="0" hostname="ISW-GSIG-UO1" errors="0">
  <testcase name="changePasswordNewPasswordAndReTypePasswordFieldsAreEmpty" time="21.115" classname="actions.ProfilePageTestSuite"/>
  <testcase name="changePasswordAllFieldsEmpty" time="3.585" classname="actions.ProfilePageTestSuite"/>
  <testcase name="changePasswordSuccessfully" time="3.000" classname="actions.ProfilePageTestSuite"/>
  <testcase name="changeFirstNameAndLastNameSuccessfully" time="13.362" classname="actions.ProfilePageTestSuite"/>
  <testcase name="changePasswordInvalidOldPassword" time="4.270" classname="actions.ProfilePageTestSuite"/>
</testsuite> <!-- actions.ProfilePageTestSuite -->
