<?xml version="1.0" encoding="UTF-8"?>
<!-- Generated by org.testng.reporters.JUnitReportReporter -->
<testsuite name="actions.OTPTestSuite" tests="4" time="20.332" ignored="0" failures="0" timestamp="22 Aug 2019 14:20:51 GMT" skipped="0" hostname="ISW-GSIG-UO1" errors="0">
  <testcase name="NoOTPTest" time="0.315" classname="actions.OTPTestSuite"/>
  <testcase name="InvalidOTPTest" time="0.448" classname="actions.OTPTestSuite"/>
  <testcase name="ResendOtp" time="0.475" classname="actions.OTPTestSuite"/>
  <testcase name="verifyOTPScreenDisplays" time="19.094" classname="actions.OTPTestSuite"/>
</testsuite> <!-- actions.OTPTestSuite -->
