<?xml version="1.0" encoding="UTF-8"?>
<!-- Generated by org.testng.reporters.JUnitReportReporter -->
<testsuite name="actions.OTPTestSuite" tests="4" time="70.795" ignored="0" failures="0" timestamp="31 Jul 2019 10:58:33 GMT" skipped="0" hostname="ISW-GSIG-UO1" errors="0">
  <testcase name="InvalidOTPTest" time="0.487" classname="actions.OTPTestSuite"/>
  <testcase name="verifyOTPScreenDisplays" time="69.405" classname="actions.OTPTestSuite"/>
  <testcase name="NoOTPTest" time="0.346" classname="actions.OTPTestSuite"/>
  <testcase name="ResendOtp" time="0.557" classname="actions.OTPTestSuite"/>
</testsuite> <!-- actions.OTPTestSuite -->
