<?xml version="1.0" encoding="UTF-8"?>
<!-- Generated by org.testng.reporters.JUnitReportReporter -->
<testsuite name="actions.LoginTestSuite" tests="4" time="0.003" ignored="0" failures="0" timestamp="19 Jun 2019 19:22:19 GMT" skipped="3" hostname="ISW-GSIG-UO1" errors="1">
  <testcase name="InvalidUsernameAndValidPassword" time="0.001" classname="actions.LoginTestSuite">
    <skipped/>
  </testcase> <!-- InvalidUsernameAndValidPassword -->
  <testcase name="startUp" time="0.000" classname="actions.LoginTestSuite">
    <error type="org.openqa.selenium.WebDriverException" message="permission denied
Build info: version: &#039;3.7.1&#039;, revision: &#039;8a0099a&#039;, time: &#039;2017-11-06T21:01:39.354Z&#039;
System info: host: &#039;ISW-GSIG-UO1&#039;, ip: &#039;172.16.5.91&#039;, os.name: &#039;Windows 10&#039;, os.arch: &#039;amd64&#039;, os.version: &#039;10.0&#039;, java.version: &#039;1.8.0_201&#039;
Driver info: driver.version: FirefoxDriver
remote stacktrace: ">
      <![CDATA[org.openqa.selenium.WebDriverException: permission denied
Build info: version: '3.7.1', revision: '8a0099a', time: '2017-11-06T21:01:39.354Z'
System info: host: 'ISW-GSIG-UO1', ip: '172.16.5.91', os.name: 'Windows 10', os.arch: 'amd64', os.version: '10.0', java.version: '1.8.0_201'
Driver info: driver.version: FirefoxDriver
remote stacktrace: 
	at sun.reflect.NativeConstructorAccessorImpl.newInstance0(Native Method)
	at sun.reflect.NativeConstructorAccessorImpl.newInstance(Unknown Source)
	at sun.reflect.DelegatingConstructorAccessorImpl.newInstance(Unknown Source)
	at java.lang.reflect.Constructor.newInstance(Unknown Source)
	at org.openqa.selenium.remote.W3CHandshakeResponse.lambda$new$0(W3CHandshakeResponse.java:57)
	at org.openqa.selenium.remote.W3CHandshakeResponse.lambda$getResponseFunction$2(W3CHandshakeResponse.java:104)
	at org.openqa.selenium.remote.ProtocolHandshake.lambda$createSession$0(ProtocolHandshake.java:123)
	at java.util.stream.ReferencePipeline$3$1.accept(Unknown Source)
	at java.util.Spliterators$ArraySpliterator.tryAdvance(Unknown Source)
	at java.util.stream.ReferencePipeline.forEachWithCancel(Unknown Source)
	at java.util.stream.AbstractPipeline.copyIntoWithCancel(Unknown Source)
	at java.util.stream.AbstractPipeline.copyInto(Unknown Source)
	at java.util.stream.AbstractPipeline.wrapAndCopyInto(Unknown Source)
	at java.util.stream.FindOps$FindOp.evaluateSequential(Unknown Source)
	at java.util.stream.AbstractPipeline.evaluate(Unknown Source)
	at java.util.stream.ReferencePipeline.findFirst(Unknown Source)
	at org.openqa.selenium.remote.ProtocolHandshake.createSession(ProtocolHandshake.java:126)
	at org.openqa.selenium.remote.ProtocolHandshake.createSession(ProtocolHandshake.java:73)
	at org.openqa.selenium.remote.HttpCommandExecutor.execute(HttpCommandExecutor.java:142)
	at org.openqa.selenium.remote.service.DriverCommandExecutor.execute(DriverCommandExecutor.java:83)
	at org.openqa.selenium.remote.RemoteWebDriver.execute(RemoteWebDriver.java:600)
	at org.openqa.selenium.remote.RemoteWebDriver.startSession(RemoteWebDriver.java:219)
	at org.openqa.selenium.remote.RemoteWebDriver.<init>(RemoteWebDriver.java:142)
	at org.openqa.selenium.firefox.FirefoxDriver.<init>(FirefoxDriver.java:120)
	at org.openqa.selenium.firefox.FirefoxDriver.<init>(FirefoxDriver.java:98)
	at actions.LoginTestSuite.startUp(LoginTestSuite.java:32)
	at sun.reflect.NativeMethodAccessorImpl.invoke0(Native Method)
	at sun.reflect.NativeMethodAccessorImpl.invoke(Unknown Source)
	at sun.reflect.DelegatingMethodAccessorImpl.invoke(Unknown Source)
	at java.lang.reflect.Method.invoke(Unknown Source)
	at org.testng.internal.MethodInvocationHelper.invokeMethod(MethodInvocationHelper.java:104)
	at org.testng.internal.Invoker.invokeConfigurationMethod(Invoker.java:515)
	at org.testng.internal.Invoker.invokeConfigurations(Invoker.java:217)
	at org.testng.internal.Invoker.invokeConfigurations(Invoker.java:144)
	at org.testng.TestRunner.beforeRun(TestRunner.java:634)
	at org.testng.TestRunner.run(TestRunner.java:602)
	at org.testng.SuiteRunner.runTest(SuiteRunner.java:387)
	at org.testng.SuiteRunner.runSequentially(SuiteRunner.java:382)
	at org.testng.SuiteRunner.privateRun(SuiteRunner.java:340)
	at org.testng.SuiteRunner.run(SuiteRunner.java:289)
	at org.testng.SuiteRunnerWorker.runSuite(SuiteRunnerWorker.java:52)
	at org.testng.SuiteRunnerWorker.run(SuiteRunnerWorker.java:86)
	at org.testng.TestNG.runSuitesSequentially(TestNG.java:1293)
	at org.testng.TestNG.runSuitesLocally(TestNG.java:1218)
	at org.testng.TestNG.runSuites(TestNG.java:1133)
	at org.testng.TestNG.run(TestNG.java:1104)
	at org.testng.remote.AbstractRemoteTestNG.run(AbstractRemoteTestNG.java:132)
	at org.testng.remote.RemoteTestNG.initAndRun(RemoteTestNG.java:236)
	at org.testng.remote.RemoteTestNG.main(RemoteTestNG.java:81)
]]>
    </error>
  </testcase> <!-- startUp -->
  <testcase name="validEmailAndInvalidPassword" time="0.001" classname="actions.LoginTestSuite">
    <skipped/>
  </testcase> <!-- validEmailAndInvalidPassword -->
  <testcase name="successfulLogin" time="0.001" classname="actions.LoginTestSuite">
    <skipped/>
  </testcase> <!-- successfulLogin -->
</testsuite> <!-- actions.LoginTestSuite -->
