<?xml version="1.0" encoding="UTF-8"?>
<!-- Generated by org.testng.reporters.JUnitReportReporter -->
<testsuite name="actions.LoginTestSuite" tests="3" time="30.737" ignored="0" failures="0" timestamp="18 Jun 2019 14:07:37 GMT" skipped="0" hostname="ISW-GSIG-UO1" errors="0">
  <testcase name="InvalidUsernameAndValidPassword" time="15.945" classname="actions.LoginTestSuite"/>
  <testcase name="successfulLogin" time="2.930" classname="actions.LoginTestSuite"/>
  <testcase name="validEmailAndInvalidPassword" time="11.862" classname="actions.LoginTestSuite"/>
</testsuite> <!-- actions.LoginTestSuite -->
