<?xml version="1.0" encoding="UTF-8"?>
<!-- Generated by org.testng.reporters.JUnitReportReporter -->
<testsuite name="actions.RecurringTransactionFlow" tests="1" time="22.258" ignored="0" failures="0" timestamp="27 Jun 2019 19:34:45 GMT" skipped="0" hostname="ISW-GSIG-UO1" errors="0">
  <testcase name="buyAirtimeFlow" time="22.258" classname="actions.RecurringTransactionFlow"/>
</testsuite> <!-- actions.RecurringTransactionFlow -->
