<?xml version="1.0" encoding="UTF-8"?>
<!-- Generated by org.testng.reporters.JUnitReportReporter -->
<testsuite name="DefaultPackage.BuyAirtimeTestSuite" tests="1" time="8.295" ignored="0" failures="0" timestamp="16 Jun 2019 19:06:06 GMT" skipped="0" hostname="ISW-GSIG-UO1" errors="0">
  <testcase name="buyAirtimeFlow" time="8.295" classname="DefaultPackage.BuyAirtimeTestSuite"/>
</testsuite> <!-- DefaultPackage.BuyAirtimeTestSuite -->
