<?xml version="1.0" encoding="UTF-8"?>
<!-- Generated by org.testng.reporters.JUnitReportReporter -->
<testsuite name="actions.SearchFieldTestSuite" tests="3" time="20.069" ignored="0" failures="0" timestamp="02 Aug 2019 15:06:29 GMT" skipped="0" hostname="ISW-GSIG-UO1" errors="0">
  <testcase name="verifyUserReturnstoDashBoardScreenWhenSearchCriteiraIsRemovedFromSearchField" time="0.466" classname="actions.SearchFieldTestSuite"/>
  <testcase name="verifySearchFieldReturnsSavedPaymentItemsFirst" time="18.270" classname="actions.SearchFieldTestSuite"/>
  <testcase name="verifySearchFieldReturnsBillerListAfterSavedPaymentOptionsAreExausted" time="1.333" classname="actions.SearchFieldTestSuite"/>
</testsuite> <!-- actions.SearchFieldTestSuite -->
