<?xml version="1.0" encoding="UTF-8"?>
<!-- Generated by org.testng.reporters.JUnitReportReporter -->
<testsuite ignored="0" hostname="ISW-ENGR-GO" failures="0" tests="1" name="config.tempMail" time="219.027" errors="0" timestamp="27 Aug 2019 14:33:37 GMT" skipped="0">
  <testcase classname="config.tempMail" name="gettempmail" time="219.027"/>
</testsuite> <!-- config.tempMail -->
