<?xml version="1.0" encoding="UTF-8"?>
<!-- Generated by org.testng.reporters.JUnitReportReporter -->
<testsuite name="actions.LoginTestSuite" tests="3" time="33.915" ignored="0" failures="0" timestamp="23 Jul 2019 07:12:25 GMT" skipped="0" hostname="ISW-GSIG-UO1" errors="0">
  <testcase name="InvalidUsernameAndValidPassword" time="17.306" classname="actions.LoginTestSuite"/>
  <testcase name="successfulLogin" time="4.015" classname="actions.LoginTestSuite"/>
  <testcase name="validEmailAndInvalidPassword" time="12.594" classname="actions.LoginTestSuite"/>
</testsuite> <!-- actions.LoginTestSuite -->
