<?xml version="1.0" encoding="UTF-8"?>
<!-- Generated by org.testng.reporters.JUnitReportReporter -->
<testsuite ignored="0" hostname="ISW-ENGR-GO" failures="0" tests="3" name="actions.SearchFieldTestSuite" time="34.638" errors="0" timestamp="28 Aug 2019 13:09:57 GMT" skipped="0">
  <testcase classname="actions.SearchFieldTestSuite" name="verifySearchFieldReturnsBillerListAfterSavedPaymentOptionsAreExausted" time="2.745"/>
  <testcase classname="actions.SearchFieldTestSuite" name="verifyUserReturnstoDashBoardScreenWhenSearchCriteiraIsRemovedFromSearchField" time="0.779"/>
  <testcase classname="actions.SearchFieldTestSuite" name="verifySearchFieldReturnsSavedPaymentItemsFirst" time="31.114"/>
</testsuite> <!-- actions.SearchFieldTestSuite -->
