<?xml version="1.0" encoding="UTF-8"?>
<!-- Generated by org.testng.reporters.JUnitReportReporter -->
<testsuite name="Actions.HomeScreenTestSuite" tests="1" time="5.681" ignored="0" failures="0" timestamp="16 Jun 2019 21:19:35 GMT" skipped="0" hostname="ISW-GSIG-UO1" errors="0">
  <testcase name="verifyHomeScreenElementsPresent" time="5.681" classname="Actions.HomeScreenTestSuite"/>
</testsuite> <!-- Actions.HomeScreenTestSuite -->
