<?xml version="1.0" encoding="UTF-8"?>
<!-- Generated by org.testng.reporters.JUnitReportReporter -->
<testsuite name="actions.SearchFieldTestSuite" tests="3" time="18.940" ignored="0" failures="0" timestamp="24 Aug 2019 13:12:28 GMT" skipped="0" hostname="ISW-GSIG-UO1" errors="0">
  <testcase name="verifySearchFieldReturnsSavedPaymentItemsFirst" time="16.717" classname="actions.SearchFieldTestSuite"/>
  <testcase name="verifySearchFieldReturnsBillerListAfterSavedPaymentOptionsAreExausted" time="1.823" classname="actions.SearchFieldTestSuite"/>
  <testcase name="verifyUserReturnstoDashBoardScreenWhenSearchCriteiraIsRemovedFromSearchField" time="0.400" classname="actions.SearchFieldTestSuite"/>
</testsuite> <!-- actions.SearchFieldTestSuite -->
