<?xml version="1.0" encoding="UTF-8"?>
<!-- Generated by org.testng.reporters.JUnitReportReporter -->
<testsuite name="actions.LoginTestSuite" tests="3" time="29.389" ignored="0" failures="0" timestamp="24 Aug 2019 12:43:27 GMT" skipped="0" hostname="ISW-GSIG-UO1" errors="0">
  <testcase name="validEmailAndInvalidPassword" time="12.175" classname="actions.LoginTestSuite"/>
  <testcase name="InvalidUsernameAndValidPassword" time="13.871" classname="actions.LoginTestSuite"/>
  <testcase name="successfulLogin" time="3.343" classname="actions.LoginTestSuite"/>
</testsuite> <!-- actions.LoginTestSuite -->
