<?xml version="1.0" encoding="UTF-8"?>
<!-- Generated by org.testng.reporters.JUnitReportReporter -->
<testsuite name="actions.ProfilePageTestSuite" tests="5" time="26.494" ignored="0" failures="0" timestamp="10 Jul 2019 08:46:03 GMT" skipped="0" hostname="ISW-GSIG-UO1" errors="0">
  <testcase name="changePasswordAllFieldsEmpty" time="2.912" classname="actions.ProfilePageTestSuite"/>
  <testcase name="changeFirstLastNameSuccessfully" time="14.692" classname="actions.ProfilePageTestSuite"/>
  <testcase name="changePasswordSuccessfully" time="2.846" classname="actions.ProfilePageTestSuite"/>
  <testcase name="changePasswordNewPasswordAndReTypePasswordFieldsAreEmpty" time="3.003" classname="actions.ProfilePageTestSuite"/>
  <testcase name="changePasswordInvalidOldPassword" time="3.041" classname="actions.ProfilePageTestSuite"/>
</testsuite> <!-- actions.ProfilePageTestSuite -->
