<?xml version="1.0" encoding="UTF-8"?>
<!-- Generated by org.testng.reporters.JUnitReportReporter -->
<testsuite name="actions.OTPTestSuite" tests="4" time="22.713" ignored="0" failures="0" timestamp="24 Aug 2019 10:39:48 GMT" skipped="0" hostname="ISW-GSIG-UO1" errors="0">
  <testcase name="verifyOTPScreenDisplays" time="21.583" classname="actions.OTPTestSuite"/>
  <testcase name="doNotEnterOTPTest" time="0.151" classname="actions.OTPTestSuite"/>
  <testcase name="InvalidOTPTest" time="0.529" classname="actions.OTPTestSuite"/>
  <testcase name="ResendOtpTest" time="0.450" classname="actions.OTPTestSuite"/>
</testsuite> <!-- actions.OTPTestSuite -->
