<?xml version="1.0" encoding="UTF-8"?>
<!-- Generated by org.testng.reporters.JUnitReportReporter -->
<testsuite name="actions.OTPTestSuite" tests="4" time="21.804" ignored="0" failures="0" timestamp="06 Aug 2019 10:52:54 GMT" skipped="0" hostname="ISW-GSIG-UO1" errors="0">
  <testcase name="InvalidOTPTest" time="0.646" classname="actions.OTPTestSuite"/>
  <testcase name="verifyOTPScreenDisplays" time="20.135" classname="actions.OTPTestSuite"/>
  <testcase name="NoOTPTest" time="0.331" classname="actions.OTPTestSuite"/>
  <testcase name="ResendOtp" time="0.692" classname="actions.OTPTestSuite"/>
</testsuite> <!-- actions.OTPTestSuite -->
