<?xml version="1.0" encoding="UTF-8"?>
<!-- Generated by org.testng.reporters.JUnitReportReporter -->
<testsuite ignored="0" hostname="ISW-ENGR-GO" failures="0" tests="1" name="actions.SignUpWithReferral" time="30.961" errors="0" timestamp="06 Sep 2019 12:37:04 GMT" skipped="0">
  <testcase classname="actions.SignUpWithReferral" name="userregisterationDetailswithreferral" time="30.961"/>
</testsuite> <!-- actions.SignUpWithReferral -->
