<?xml version="1.0" encoding="UTF-8"?>
<!-- Generated by org.testng.reporters.JUnitReportReporter -->
<testsuite ignored="0" hostname="ISW-ENGR-GO" failures="0" tests="1" name="actions.SignUpWithoutReferral" time="18.410" errors="0" timestamp="06 Sep 2019 13:38:24 GMT" skipped="0">
  <testcase classname="actions.SignUpWithoutReferral" name="userregisterationDetailswithoutreferral" time="18.410"/>
</testsuite> <!-- actions.SignUpWithoutReferral -->
