<?xml version="1.0" encoding="UTF-8"?>
<!-- Generated by org.testng.reporters.JUnitReportReporter -->
<testsuite name="DefaultPackage.LoginTestSuite" tests="3" time="30.776" ignored="0" failures="0" timestamp="15 Jun 2019 13:13:51 GMT" skipped="0" hostname="ISW-GSIG-UO1" errors="0">
  <testcase name="InvalidUsernameAndValidPassword" time="15.337" classname="DefaultPackage.LoginTestSuite"/>
  <testcase name="validEmailAndInvalidPassword" time="12.127" classname="DefaultPackage.LoginTestSuite"/>
  <testcase name="validEmailAndPassword" time="3.312" classname="DefaultPackage.LoginTestSuite"/>
</testsuite> <!-- DefaultPackage.LoginTestSuite -->
