<?xml version="1.0" encoding="UTF-8"?>
<!-- Generated by org.testng.reporters.JUnitReportReporter -->
<testsuite name="actions.SavedPaymentSuite" tests="3" time="22.256" ignored="0" failures="0" timestamp="30 Jun 2019 11:31:44 GMT" skipped="0" hostname="ISW-GSIG-UO1" errors="0">
  <testcase name="verifyQROptionIsPresentWhenPayingFromSavedPaymentForBills" time="4.726" classname="actions.SavedPaymentSuite"/>
  <testcase name="verifyQROptionIsPresentWhenPayingFromSavedPaymentForTransfer" time="4.665" classname="actions.SavedPaymentSuite"/>
  <testcase name="verifyQROptionIsPresentWhenPayingFromSavedPaymentAirtime" time="12.865" classname="actions.SavedPaymentSuite"/>
</testsuite> <!-- actions.SavedPaymentSuite -->
