<?xml version="1.0" encoding="UTF-8"?>
<!-- Generated by org.testng.reporters.JUnitReportReporter -->
<testsuite name="TestNG_TestQT" tests="1" time="14.191" ignored="0" failures="0" timestamp="15 Jun 2019 09:58:27 GMT" skipped="0" hostname="ISW-GSIG-UO1" errors="0">
  <testcase name="testingQt" time="14.191" classname="TestNG_TestQT"/>
</testsuite> <!-- TestNG_TestQT -->
