<?xml version="1.0" encoding="UTF-8"?>
<!-- Generated by org.testng.reporters.JUnitReportReporter -->
<testsuite name="actions.OTPTestSuite" tests="4" time="22.863" ignored="0" failures="0" timestamp="24 Aug 2019 12:48:00 GMT" skipped="0" hostname="ISW-GSIG-UO1" errors="0">
  <testcase name="InvalidOTPTest" time="0.600" classname="actions.OTPTestSuite"/>
  <testcase name="doNotEnterOTPTest" time="0.289" classname="actions.OTPTestSuite"/>
  <testcase name="ResendOtpTest" time="0.395" classname="actions.OTPTestSuite"/>
  <testcase name="verifyOTPScreenDisplays" time="21.579" classname="actions.OTPTestSuite"/>
</testsuite> <!-- actions.OTPTestSuite -->
