<?xml version="1.0" encoding="UTF-8"?>
<!-- Generated by org.testng.reporters.JUnitReportReporter -->
<testsuite name="actions.SearchFieldTestSuite" tests="3" time="22.961" ignored="0" failures="0" timestamp="24 Aug 2019 14:44:14 GMT" skipped="0" hostname="ISW-GSIG-UO1" errors="0">
  <testcase name="verifyUserReturnstoDashBoardScreenWhenSearchCriteiraIsRemovedFromSearchField" time="0.414" classname="actions.SearchFieldTestSuite"/>
  <testcase name="verifySearchFieldReturnsBillerListAfterSavedPaymentOptionsAreExausted" time="1.709" classname="actions.SearchFieldTestSuite"/>
  <testcase name="verifySearchFieldReturnsSavedPaymentItemsFirst" time="20.838" classname="actions.SearchFieldTestSuite"/>
</testsuite> <!-- actions.SearchFieldTestSuite -->
