<?xml version="1.0" encoding="UTF-8"?>
<!-- Generated by org.testng.reporters.JUnitReportReporter -->
<testsuite name="actions.OTPTestSuite" tests="4" time="17.356" ignored="0" failures="0" timestamp="22 Aug 2019 18:29:51 GMT" skipped="0" hostname="ISW-GSIG-UO1" errors="0">
  <testcase name="ResendOtp" time="0.432" classname="actions.OTPTestSuite"/>
  <testcase name="NoOTPTest" time="0.309" classname="actions.OTPTestSuite"/>
  <testcase name="InvalidOTPTest" time="0.382" classname="actions.OTPTestSuite"/>
  <testcase name="verifyOTPScreenDisplays" time="16.233" classname="actions.OTPTestSuite"/>
</testsuite> <!-- actions.OTPTestSuite -->
