<?xml version="1.0" encoding="UTF-8"?>
<!-- Generated by org.testng.reporters.JUnitReportReporter -->
<testsuite ignored="0" hostname="ISW-ENGR-GO" failures="0" tests="1" name="actions.SignUpWithoutReferral" time="26.912" errors="0" timestamp="03 Sep 2019 15:29:23 GMT" skipped="0">
  <testcase classname="actions.SignUpWithoutReferral" name="userregisterationDetailswithoutreferral" time="26.912"/>
</testsuite> <!-- actions.SignUpWithoutReferral -->
