<?xml version="1.0" encoding="UTF-8"?>
<!-- Generated by org.testng.reporters.JUnitReportReporter -->
<testsuite name="actions.ProfilePageTestSuite" tests="1" time="7.926" ignored="0" failures="0" timestamp="09 Jul 2019 12:42:24 GMT" skipped="0" hostname="ISW-GSIG-UO1" errors="0">
  <testcase name="changePasswordSuccessfully" time="7.926" classname="actions.ProfilePageTestSuite"/>
</testsuite> <!-- actions.ProfilePageTestSuite -->
