<?xml version="1.0" encoding="UTF-8"?>
<!-- Generated by org.testng.reporters.JUnitReportReporter -->
<testsuite name="actions.DashboardSearchTestSuite" tests="1" time="3.962" ignored="0" failures="0" timestamp="31 Jul 2019 11:58:59 GMT" skipped="0" hostname="ISW-GSIG-UO1" errors="0">
  <testcase name="verifyHomeScreenElementsPresent" time="3.962" classname="actions.DashboardSearchTestSuite"/>
</testsuite> <!-- actions.DashboardSearchTestSuite -->
