<?xml version="1.0" encoding="UTF-8"?>
<!-- Generated by org.testng.reporters.JUnitReportReporter -->
<testsuite name="actions.LoginTestSuite" tests="3" time="105.029" ignored="0" failures="0" timestamp="29 Jun 2019 21:45:53 GMT" skipped="0" hostname="ISW-GSIG-UO1" errors="0">
  <testcase name="validEmailAndInvalidPassword" time="12.418" classname="actions.LoginTestSuite"/>
  <testcase name="successfulLogin" time="4.706" classname="actions.LoginTestSuite"/>
  <testcase name="InvalidUsernameAndValidPassword" time="87.905" classname="actions.LoginTestSuite"/>
</testsuite> <!-- actions.LoginTestSuite -->
