<?xml version="1.0" encoding="UTF-8"?>
<!-- Generated by org.testng.reporters.JUnitReportReporter -->
<testsuite name="actions.HomeScreenTestSuite" tests="1" time="8.054" ignored="0" failures="0" timestamp="24 Aug 2019 10:37:40 GMT" skipped="0" hostname="ISW-GSIG-UO1" errors="0">
  <testcase name="verifyHomeScreenElementsPresent" time="8.054" classname="actions.HomeScreenTestSuite"/>
</testsuite> <!-- actions.HomeScreenTestSuite -->
