<?xml version="1.0" encoding="UTF-8"?>
<!-- Generated by org.testng.reporters.JUnitReportReporter -->
<testsuite name="actions.LoginTestSuite" tests="3" time="37.797" ignored="0" failures="0" timestamp="24 Aug 2019 14:27:00 GMT" skipped="0" hostname="ISW-GSIG-UO1" errors="0">
  <testcase name="successfulLogin" time="6.950" classname="actions.LoginTestSuite"/>
  <testcase name="validEmailAndInvalidPassword" time="12.708" classname="actions.LoginTestSuite"/>
  <testcase name="InvalidUsernameAndValidPassword" time="18.139" classname="actions.LoginTestSuite"/>
</testsuite> <!-- actions.LoginTestSuite -->
