<?xml version="1.0" encoding="UTF-8"?>
<!-- Generated by org.testng.reporters.JUnitReportReporter -->
<testsuite name="actions.OTPTestSuite" tests="4" time="26.070" ignored="0" failures="0" timestamp="24 Aug 2019 14:45:31 GMT" skipped="0" hostname="ISW-GSIG-UO1" errors="0">
  <testcase name="doNotEnterOTPTest" time="0.294" classname="actions.OTPTestSuite"/>
  <testcase name="ResendOtpTest" time="0.441" classname="actions.OTPTestSuite"/>
  <testcase name="InvalidOTPTest" time="0.460" classname="actions.OTPTestSuite"/>
  <testcase name="verifyOTPScreenDisplays" time="24.875" classname="actions.OTPTestSuite"/>
</testsuite> <!-- actions.OTPTestSuite -->
