<?xml version="1.0" encoding="UTF-8"?>
<!-- Generated by org.testng.reporters.JUnitReportReporter -->
<testsuite name="actions.OTPTestSuite" tests="4" time="32.792" ignored="0" failures="0" timestamp="25 Aug 2019 13:41:00 GMT" skipped="0" hostname="ISW-GSIG-UO1" errors="0">
  <testcase name="ResendOtpTest" time="0.483" classname="actions.OTPTestSuite"/>
  <testcase name="doNotEnterOTPTest" time="0.323" classname="actions.OTPTestSuite"/>
  <testcase name="verifyOTPScreenDisplays" time="31.435" classname="actions.OTPTestSuite"/>
  <testcase name="InvalidOTPTest" time="0.551" classname="actions.OTPTestSuite"/>
</testsuite> <!-- actions.OTPTestSuite -->
