<?xml version="1.0" encoding="UTF-8"?>
<!-- Generated by org.testng.reporters.JUnitReportReporter -->
<testsuite name="actions.LoginTestSuite" tests="3" time="42.211" ignored="0" failures="0" timestamp="04 Jul 2019 17:26:46 GMT" skipped="0" hostname="ISW-GSIG-UO1" errors="0">
  <testcase name="InvalidUsernameAndValidPassword" time="27.575" classname="actions.LoginTestSuite"/>
  <testcase name="validEmailAndInvalidPassword" time="11.758" classname="actions.LoginTestSuite"/>
  <testcase name="successfulLogin" time="2.878" classname="actions.LoginTestSuite"/>
</testsuite> <!-- actions.LoginTestSuite -->
