<?xml version="1.0" encoding="UTF-8"?>
<!-- Generated by org.testng.reporters.JUnitReportReporter -->
<testsuite name="actions.LoginTestSuite" tests="3" time="73.370" ignored="0" failures="0" timestamp="23 Jun 2019 20:41:48 GMT" skipped="0" hostname="ISW-GSIG-UO1" errors="0">
  <testcase name="successfulLogin" time="4.965" classname="actions.LoginTestSuite"/>
  <testcase name="validEmailAndInvalidPassword" time="12.328" classname="actions.LoginTestSuite"/>
  <testcase name="InvalidUsernameAndValidPassword" time="56.077" classname="actions.LoginTestSuite"/>
</testsuite> <!-- actions.LoginTestSuite -->
