<?xml version="1.0" encoding="UTF-8"?>
<!-- Generated by org.testng.reporters.JUnitReportReporter -->
<testsuite name="actions.ProfilePageTestSuite" tests="5" time="28.936" ignored="0" failures="0" timestamp="24 Aug 2019 14:53:16 GMT" skipped="0" hostname="ISW-GSIG-UO1" errors="0">
  <testcase name="changePasswordInvalidOldPassword" time="6.995" classname="actions.ProfilePageTestSuite"/>
  <testcase name="changePasswordNewPasswordAndReTypePasswordFieldsAreEmpty" time="4.397" classname="actions.ProfilePageTestSuite"/>
  <testcase name="changePasswordSuccessfully" time="4.438" classname="actions.ProfilePageTestSuite"/>
  <testcase name="changePasswordAllFieldsEmpty" time="4.661" classname="actions.ProfilePageTestSuite"/>
  <testcase name="changeFirstNameAndLastNameSuccessfully" time="8.445" classname="actions.ProfilePageTestSuite"/>
</testsuite> <!-- actions.ProfilePageTestSuite -->
