<?xml version="1.0" encoding="UTF-8"?>
<!-- Generated by org.testng.reporters.JUnitReportReporter -->
<testsuite name="actions.LoginTestSuite" tests="3" time="35.235" ignored="0" failures="0" timestamp="25 Aug 2019 14:10:53 GMT" skipped="0" hostname="ISW-GSIG-UO1" errors="0">
  <testcase name="validEmailAndInvalidPassword" time="11.885" classname="actions.LoginTestSuite"/>
  <testcase name="successfulLogin" time="6.894" classname="actions.LoginTestSuite"/>
  <testcase name="InvalidUsernameAndValidPassword" time="16.456" classname="actions.LoginTestSuite"/>
</testsuite> <!-- actions.LoginTestSuite -->
