<?xml version="1.0" encoding="UTF-8"?>
<!-- Generated by org.testng.reporters.JUnitReportReporter -->
<testsuite name="actions.LoginTestSuite" tests="3" time="77.633" ignored="0" failures="0" timestamp="02 Aug 2019 15:47:34 GMT" skipped="0" hostname="ISW-GSIG-UO1" errors="0">
  <testcase name="InvalidUsernameAndValidPassword" time="63.040" classname="actions.LoginTestSuite"/>
  <testcase name="successfulLogin" time="2.866" classname="actions.LoginTestSuite"/>
  <testcase name="validEmailAndInvalidPassword" time="11.727" classname="actions.LoginTestSuite"/>
</testsuite> <!-- actions.LoginTestSuite -->
