<?xml version="1.0" encoding="UTF-8"?>
<!-- Generated by org.testng.reporters.JUnitReportReporter -->
<testsuite name="actions.ProfilePageTestSuite" tests="5" time="45.580" ignored="0" failures="0" timestamp="06 Aug 2019 10:40:42 GMT" skipped="0" hostname="ISW-GSIG-UO1" errors="0">
  <testcase name="changePasswordNewPasswordAndReTypePasswordFieldsAreEmpty" time="3.188" classname="actions.ProfilePageTestSuite"/>
  <testcase name="changePasswordAllFieldsEmpty" time="4.788" classname="actions.ProfilePageTestSuite"/>
  <testcase name="changePasswordSuccessfully" time="4.081" classname="actions.ProfilePageTestSuite"/>
  <testcase name="changeFirstLastNameSuccessfully" time="26.718" classname="actions.ProfilePageTestSuite"/>
  <testcase name="changePasswordInvalidOldPassword" time="6.805" classname="actions.ProfilePageTestSuite"/>
</testsuite> <!-- actions.ProfilePageTestSuite -->
