<?xml version="1.0" encoding="UTF-8"?>
<!-- Generated by org.testng.reporters.JUnitReportReporter -->
<testsuite name="actions.BuyAirtimeTestSuite" tests="1" time="15.580" ignored="0" failures="0" timestamp="23 Jul 2019 19:02:20 GMT" skipped="0" hostname="ISW-GSIG-UO1" errors="0">
  <testcase name="buyAirtimeFlow" time="15.580" classname="actions.BuyAirtimeTestSuite"/>
</testsuite> <!-- actions.BuyAirtimeTestSuite -->
