<?xml version="1.0" encoding="UTF-8"?>
<!-- Generated by org.testng.reporters.JUnitReportReporter -->
<testsuite name="actions.ProfilePageTestSuite" tests="5" time="29.761" ignored="0" failures="0" timestamp="25 Aug 2019 14:10:53 GMT" skipped="0" hostname="ISW-GSIG-UO1" errors="0">
  <testcase name="changePasswordInvalidOldPassword" time="7.036" classname="actions.ProfilePageTestSuite"/>
  <testcase name="changePasswordNewPasswordAndReTypePasswordFieldsAreEmpty" time="3.699" classname="actions.ProfilePageTestSuite"/>
  <testcase name="changePasswordSuccessfully" time="4.365" classname="actions.ProfilePageTestSuite"/>
  <testcase name="changePasswordAllFieldsEmpty" time="4.438" classname="actions.ProfilePageTestSuite"/>
  <testcase name="changeFirstNameAndLastNameSuccessfully" time="10.223" classname="actions.ProfilePageTestSuite"/>
</testsuite> <!-- actions.ProfilePageTestSuite -->
