<?xml version="1.0" encoding="UTF-8"?>
<!-- Generated by org.testng.reporters.JUnitReportReporter -->
<testsuite name="actions.LoginTestSuite" tests="3" time="73.426" ignored="0" failures="0" timestamp="31 Jul 2019 12:11:17 GMT" skipped="0" hostname="ISW-GSIG-UO1" errors="0">
  <testcase name="InvalidUsernameAndValidPassword" time="58.628" classname="actions.LoginTestSuite"/>
  <testcase name="validEmailAndInvalidPassword" time="11.828" classname="actions.LoginTestSuite"/>
  <testcase name="successfulLogin" time="2.970" classname="actions.LoginTestSuite"/>
</testsuite> <!-- actions.LoginTestSuite -->
