<?xml version="1.0" encoding="UTF-8"?>
<!-- Generated by org.testng.reporters.JUnitReportReporter -->
<testsuite name="actions.LoginTestSuite" tests="3" time="28.819" ignored="0" failures="0" timestamp="23 Jul 2019 19:02:20 GMT" skipped="0" hostname="ISW-GSIG-UO1" errors="0">
  <testcase name="successfulLogin" time="3.178" classname="actions.LoginTestSuite"/>
  <testcase name="validEmailAndInvalidPassword" time="12.634" classname="actions.LoginTestSuite"/>
  <testcase name="InvalidUsernameAndValidPassword" time="13.007" classname="actions.LoginTestSuite"/>
</testsuite> <!-- actions.LoginTestSuite -->
