<?xml version="1.0" encoding="UTF-8"?>
<!-- Generated by org.testng.reporters.JUnitReportReporter -->
<testsuite name="actions.OTPTestSuite" tests="4" time="32.342" ignored="0" failures="0" timestamp="25 Aug 2019 14:10:53 GMT" skipped="0" hostname="ISW-GSIG-UO1" errors="0">
  <testcase name="InvalidOTPTest" time="0.490" classname="actions.OTPTestSuite"/>
  <testcase name="ResendOtpTest" time="0.465" classname="actions.OTPTestSuite"/>
  <testcase name="verifyOTPScreenDisplays" time="31.046" classname="actions.OTPTestSuite"/>
  <testcase name="doNotEnterOTPTest" time="0.341" classname="actions.OTPTestSuite"/>
</testsuite> <!-- actions.OTPTestSuite -->
