<?xml version="1.0" encoding="UTF-8"?>
<!-- Generated by org.testng.reporters.JUnitReportReporter -->
<testsuite name="actions.LoginTestSuite" tests="3" time="30.021" ignored="0" failures="0" timestamp="10 Jul 2019 08:15:05 GMT" skipped="0" hostname="ISW-GSIG-UO1" errors="0">
  <testcase name="successfulLogin" time="3.464" classname="actions.LoginTestSuite"/>
  <testcase name="validEmailAndInvalidPassword" time="11.774" classname="actions.LoginTestSuite"/>
  <testcase name="InvalidUsernameAndValidPassword" time="14.783" classname="actions.LoginTestSuite"/>
</testsuite> <!-- actions.LoginTestSuite -->
