<?xml version="1.0" encoding="UTF-8"?>
<!-- Generated by org.testng.reporters.JUnitReportReporter -->
<testsuite name="actions.LoginTestSuite" tests="3" time="38.962" ignored="0" failures="0" timestamp="27 Jun 2019 16:36:08 GMT" skipped="0" hostname="ISW-GSIG-UO1" errors="0">
  <testcase name="validEmailAndInvalidPassword" time="12.059" classname="actions.LoginTestSuite"/>
  <testcase name="successfulLogin" time="3.163" classname="actions.LoginTestSuite"/>
  <testcase name="InvalidUsernameAndValidPassword" time="23.740" classname="actions.LoginTestSuite"/>
</testsuite> <!-- actions.LoginTestSuite -->
