<?xml version="1.0" encoding="UTF-8"?>
<!-- Generated by org.testng.reporters.JUnitReportReporter -->
<testsuite name="actions.SavedPaymentSuite" tests="3" time="18.212" ignored="0" failures="0" timestamp="04 Jul 2019 17:26:46 GMT" skipped="0" hostname="ISW-GSIG-UO1" errors="0">
  <testcase name="verifyQROptionIsPresentWhenPayingFromSavedPaymentAirtime" time="9.577" classname="actions.SavedPaymentSuite"/>
  <testcase name="verifyQROptionIsPresentWhenPayingFromSavedPaymentForTransfer" time="4.170" classname="actions.SavedPaymentSuite"/>
  <testcase name="verifyQROptionIsPresentWhenPayingFromSavedPaymentForBills" time="4.465" classname="actions.SavedPaymentSuite"/>
</testsuite> <!-- actions.SavedPaymentSuite -->
