<?xml version="1.0" encoding="UTF-8"?>
<!-- Generated by org.testng.reporters.JUnitReportReporter -->
<testsuite name="actions.BuyAirtimeTestSuite" tests="1" time="16.661" ignored="0" failures="0" timestamp="10 Jul 2019 08:15:05 GMT" skipped="0" hostname="ISW-GSIG-UO1" errors="0">
  <testcase name="buyAirtimeFlow" time="16.661" classname="actions.BuyAirtimeTestSuite"/>
</testsuite> <!-- actions.BuyAirtimeTestSuite -->
