<?xml version="1.0" encoding="UTF-8"?>
<!-- Generated by org.testng.reporters.JUnitReportReporter -->
<testsuite name="actions.LoginTestSuite" tests="3" time="85.526" ignored="0" failures="0" timestamp="24 Aug 2019 11:59:32 GMT" skipped="0" hostname="ISW-GSIG-UO1" errors="0">
  <testcase name="validEmailAndInvalidPassword" time="32.252" classname="actions.LoginTestSuite"/>
  <testcase name="InvalidUsernameAndValidPassword" time="49.509" classname="actions.LoginTestSuite"/>
  <testcase name="successfulLogin" time="3.765" classname="actions.LoginTestSuite"/>
</testsuite> <!-- actions.LoginTestSuite -->
