<?xml version="1.0" encoding="UTF-8"?>
<!-- Generated by org.testng.reporters.JUnitReportReporter -->
<testsuite name="actions.OTPTestSuite" tests="4" time="23.912" ignored="0" failures="0" timestamp="02 Aug 2019 15:47:34 GMT" skipped="0" hostname="ISW-GSIG-UO1" errors="0">
  <testcase name="ResendOtp" time="0.486" classname="actions.OTPTestSuite"/>
  <testcase name="NoOTPTest" time="0.308" classname="actions.OTPTestSuite"/>
  <testcase name="verifyOTPScreenDisplays" time="22.589" classname="actions.OTPTestSuite"/>
  <testcase name="InvalidOTPTest" time="0.529" classname="actions.OTPTestSuite"/>
</testsuite> <!-- actions.OTPTestSuite -->
