<?xml version="1.0" encoding="UTF-8"?>
<!-- Generated by org.testng.reporters.JUnitReportReporter -->
<testsuite name="actions.SavedPaymentSuite" tests="3" time="16.854" ignored="0" failures="0" timestamp="23 Jul 2019 19:02:20 GMT" skipped="0" hostname="ISW-GSIG-UO1" errors="0">
  <testcase name="verifyQROptionIsPresentWhenPayingFromSavedPaymentForBills" time="5.582" classname="actions.SavedPaymentSuite"/>
  <testcase name="verifyQROptionIsPresentWhenPayingFromSavedPaymentForTransfer" time="4.080" classname="actions.SavedPaymentSuite"/>
  <testcase name="verifyQROptionIsPresentWhenPayingFromSavedPaymentAirtime" time="7.192" classname="actions.SavedPaymentSuite"/>
</testsuite> <!-- actions.SavedPaymentSuite -->
