<?xml version="1.0" encoding="UTF-8"?>
<!-- Generated by org.testng.reporters.JUnitReportReporter -->
<testsuite name="actions.LoginTestSuite" tests="3" time="38.396" ignored="0" failures="0" timestamp="18 Jun 2019 15:40:37 GMT" skipped="0" hostname="ISW-GSIG-UO1" errors="0">
  <testcase name="InvalidUsernameAndValidPassword" time="22.326" classname="actions.LoginTestSuite"/>
  <testcase name="validEmailAndInvalidPassword" time="12.259" classname="actions.LoginTestSuite"/>
  <testcase name="successfulLogin" time="3.811" classname="actions.LoginTestSuite"/>
</testsuite> <!-- actions.LoginTestSuite -->
