<?xml version="1.0" encoding="UTF-8"?>
<!-- Generated by org.testng.reporters.JUnitReportReporter -->
<testsuite name="actions.LoginTestSuite" tests="3" time="33.780" ignored="0" failures="0" timestamp="24 Aug 2019 14:53:16 GMT" skipped="0" hostname="ISW-GSIG-UO1" errors="0">
  <testcase name="validEmailAndInvalidPassword" time="12.240" classname="actions.LoginTestSuite"/>
  <testcase name="successfulLogin" time="7.108" classname="actions.LoginTestSuite"/>
  <testcase name="InvalidUsernameAndValidPassword" time="14.432" classname="actions.LoginTestSuite"/>
</testsuite> <!-- actions.LoginTestSuite -->
