<?xml version="1.0" encoding="UTF-8"?>
<!-- Generated by org.testng.reporters.JUnitReportReporter -->
<testsuite name="actions.LoginTestSuite" tests="3" time="31.842" ignored="0" failures="0" timestamp="18 Jun 2019 16:59:56 GMT" skipped="0" hostname="ISW-GSIG-UO1" errors="0">
  <testcase name="validEmailAndInvalidPassword" time="12.029" classname="actions.LoginTestSuite"/>
  <testcase name="InvalidUsernameAndValidPassword" time="16.575" classname="actions.LoginTestSuite"/>
  <testcase name="successfulLogin" time="3.238" classname="actions.LoginTestSuite"/>
</testsuite> <!-- actions.LoginTestSuite -->
