<?xml version="1.0" encoding="UTF-8"?>
<!-- Generated by org.testng.reporters.JUnitReportReporter -->
<testsuite name="actions.SavedPaymentSuite" tests="3" time="24.215" ignored="0" failures="0" timestamp="24 Aug 2019 11:59:32 GMT" skipped="0" hostname="ISW-GSIG-UO1" errors="0">
  <testcase name="verifyQROptionIsPresentWhenPayingFromSavedPaymentAirtime" time="10.972" classname="actions.SavedPaymentSuite"/>
  <testcase name="verifyQROptionIsPresentWhenPayingFromSavedPaymentForBills" time="6.631" classname="actions.SavedPaymentSuite"/>
  <testcase name="verifyQROptionIsPresentWhenPayingFromSavedPaymentForTransfer" time="6.612" classname="actions.SavedPaymentSuite"/>
</testsuite> <!-- actions.SavedPaymentSuite -->
