<?xml version="1.0" encoding="UTF-8"?>
<!-- Generated by org.testng.reporters.JUnitReportReporter -->
<testsuite name="actions.OTPTestSuite" tests="4" time="39.720" ignored="0" failures="0" timestamp="06 Aug 2019 10:40:42 GMT" skipped="0" hostname="ISW-GSIG-UO1" errors="0">
  <testcase name="NoOTPTest" time="0.292" classname="actions.OTPTestSuite"/>
  <testcase name="ResendOtp" time="0.668" classname="actions.OTPTestSuite"/>
  <testcase name="InvalidOTPTest" time="1.193" classname="actions.OTPTestSuite"/>
  <testcase name="verifyOTPScreenDisplays" time="37.567" classname="actions.OTPTestSuite"/>
</testsuite> <!-- actions.OTPTestSuite -->
