<?xml version="1.0" encoding="UTF-8"?>
<!-- Generated by org.testng.reporters.JUnitReportReporter -->
<testsuite name="actions.BuyAirtimeTestSuite" tests="1" time="17.715" ignored="0" failures="0" timestamp="04 Jul 2019 17:26:46 GMT" skipped="0" hostname="ISW-GSIG-UO1" errors="0">
  <testcase name="buyAirtimeFlow" time="17.715" classname="actions.BuyAirtimeTestSuite"/>
</testsuite> <!-- actions.BuyAirtimeTestSuite -->
