<?xml version="1.0" encoding="UTF-8"?>
<!-- Generated by org.testng.reporters.JUnitReportReporter -->
<testsuite name="actions.SavedPaymentSuite" tests="3" time="20.032" ignored="0" failures="0" timestamp="31 Jul 2019 12:11:17 GMT" skipped="0" hostname="ISW-GSIG-UO1" errors="0">
  <testcase name="verifyQROptionIsPresentWhenPayingFromSavedPaymentForBills" time="6.658" classname="actions.SavedPaymentSuite"/>
  <testcase name="verifyQROptionIsPresentWhenPayingFromSavedPaymentForTransfer" time="5.246" classname="actions.SavedPaymentSuite"/>
  <testcase name="verifyQROptionIsPresentWhenPayingFromSavedPaymentAirtime" time="8.128" classname="actions.SavedPaymentSuite"/>
</testsuite> <!-- actions.SavedPaymentSuite -->
