<?xml version="1.0" encoding="UTF-8"?>
<!-- Generated by org.testng.reporters.JUnitReportReporter -->
<testsuite name="actions.HomeScreenTestSuite" tests="1" time="4.709" ignored="0" failures="0" timestamp="04 Jul 2019 17:26:46 GMT" skipped="0" hostname="ISW-GSIG-UO1" errors="0">
  <testcase name="verifyHomeScreenElementsPresent" time="4.709" classname="actions.HomeScreenTestSuite"/>
</testsuite> <!-- actions.HomeScreenTestSuite -->
