<?xml version="1.0" encoding="UTF-8"?>
<!-- Generated by org.testng.reporters.JUnitReportReporter -->
<testsuite name="actions.ProfilePageTestSuite" tests="5" time="21.080" ignored="0" failures="0" timestamp="23 Jul 2019 19:02:20 GMT" skipped="0" hostname="ISW-GSIG-UO1" errors="0">
  <testcase name="changePasswordAllFieldsEmpty" time="2.876" classname="actions.ProfilePageTestSuite"/>
  <testcase name="changePasswordInvalidOldPassword" time="3.496" classname="actions.ProfilePageTestSuite"/>
  <testcase name="changePasswordNewPasswordAndReTypePasswordFieldsAreEmpty" time="3.422" classname="actions.ProfilePageTestSuite"/>
  <testcase name="changeFirstLastNameSuccessfully" time="7.998" classname="actions.ProfilePageTestSuite"/>
  <testcase name="changePasswordSuccessfully" time="3.288" classname="actions.ProfilePageTestSuite"/>
</testsuite> <!-- actions.ProfilePageTestSuite -->
